<?xml version="1.0" encoding="utf-8"?>
<coverage line-rate="0.8162999999999999" branch-rate="0.2" version="1.9" timestamp="1657232131" lines-covered="40" lines-valid="49" branches-covered="2" branches-valid="10">
  <sources>
    <source>C:\Users\JeffreyPalermo\Source\Repos\jeffreypalermo\onion-architecture-dotnet-6\src\</source>
  </sources>
  <packages>
    <package name="ProgrammingWithPalermo.ChurchBulletin.Core" line-rate="0.5789" branch-rate="0.2" complexity="20">
      <classes>
        <class name="ProgrammingWithPalermo.ChurchBulletin.Core.Queries.ChurchBulletinItemByDateAndTimeQuery" filename="Core\Queries\ChurchBulletinItemByDateAndTimeQuery.cs" line-rate="1" branch-rate="1" complexity="2">
          <methods>
            <method name="get_TargetDate" signature="()" line-rate="1" branch-rate="1" complexity="1">
              <lines>
                <line number="5" hits="1" branch="False" />
              </lines>
            </method>
            <method name=".ctor" signature="(System.DateTime)" line-rate="1" branch-rate="1" complexity="1">
              <lines>
                <line number="7" hits="1" branch="False" />
                <line number="9" hits="1" branch="False" />
                <line number="10" hits="1" branch="False" />
              </lines>
            </method>
          </methods>
          <lines>
            <line number="5" hits="1" branch="False" />
            <line number="7" hits="1" branch="False" />
            <line number="9" hits="1" branch="False" />
            <line number="10" hits="1" branch="False" />
          </lines>
        </class>
        <class name="ProgrammingWithPalermo.ChurchBulletin.Core.Model.ChurchBulletinItem" filename="Core\Model\ChurchBulletinItem.cs" line-rate="1" branch-rate="1" complexity="4">
          <methods>
            <method name="get_Name" signature="()" line-rate="1" branch-rate="1" complexity="1">
              <lines>
                <line number="5" hits="3" branch="False" />
              </lines>
            </method>
            <method name="get_Place" signature="()" line-rate="1" branch-rate="1" complexity="1">
              <lines>
                <line number="6" hits="3" branch="False" />
              </lines>
            </method>
            <method name="get_Date" signature="()" line-rate="1" branch-rate="1" complexity="1">
              <lines>
                <line number="7" hits="7" branch="False" />
              </lines>
            </method>
            <method name="get_Id" signature="()" line-rate="1" branch-rate="1" complexity="1">
              <lines>
                <line number="8" hits="18" branch="False" />
              </lines>
            </method>
          </methods>
          <lines>
            <line number="5" hits="3" branch="False" />
            <line number="6" hits="3" branch="False" />
            <line number="7" hits="7" branch="False" />
            <line number="8" hits="18" branch="False" />
          </lines>
        </class>
        <class name="ProgrammingWithPalermo.ChurchBulletin.Core.Model.EntityBase`1" filename="Core\Model\EntityBase.cs" line-rate="0.2727" branch-rate="0.2" complexity="14">
          <methods>
            <method name="Equals" signature="(T)" line-rate="1" branch-rate="0.5" complexity="4">
              <lines>
                <line number="9" hits="8" branch="True" condition-coverage="50% (1/2)">
                  <conditions>
                    <condition number="6" type="jump" coverage="50%" />
                  </conditions>
                </line>
                <line number="10" hits="8" branch="True" condition-coverage="50% (1/2)">
                  <conditions>
                    <condition number="17" type="jump" coverage="50%" />
                  </conditions>
                </line>
                <line number="11" hits="8" branch="False" />
              </lines>
            </method>
            <method name="Equals" signature="(System.Object)" line-rate="0" branch-rate="0" complexity="6">
              <lines>
                <line number="16" hits="0" branch="True" condition-coverage="0% (0/2)">
                  <conditions>
                    <condition number="1" type="jump" coverage="0%" />
                  </conditions>
                </line>
                <line number="17" hits="0" branch="True" condition-coverage="0% (0/2)">
                  <conditions>
                    <condition number="7" type="jump" coverage="0%" />
                  </conditions>
                </line>
                <line number="18" hits="0" branch="True" condition-coverage="0% (0/2)">
                  <conditions>
                    <condition number="28" type="jump" coverage="0%" />
                  </conditions>
                </line>
                <line number="19" hits="0" branch="False" />
              </lines>
            </method>
            <method name="ToString" signature="()" line-rate="0" branch-rate="1" complexity="1">
              <lines>
                <line number="24" hits="0" branch="False" />
              </lines>
            </method>
            <method name="GetHashCode" signature="()" line-rate="0" branch-rate="1" complexity="1">
              <lines>
                <line number="29" hits="0" branch="False" />
              </lines>
            </method>
            <method name="op_Equality" signature="(ProgrammingWithPalermo.ChurchBulletin.Core.Model.EntityBase`1&lt;T&gt;,ProgrammingWithPalermo.ChurchBulletin.Core.Model.EntityBase`1&lt;T&gt;)" line-rate="0" branch-rate="1" complexity="1">
              <lines>
                <line number="34" hits="0" branch="False" />
              </lines>
            </method>
            <method name="op_Inequality" signature="(ProgrammingWithPalermo.ChurchBulletin.Core.Model.EntityBase`1&lt;T&gt;,ProgrammingWithPalermo.ChurchBulletin.Core.Model.EntityBase`1&lt;T&gt;)" line-rate="0" branch-rate="1" complexity="1">
              <lines>
                <line number="39" hits="0" branch="False" />
              </lines>
            </method>
          </methods>
          <lines>
            <line number="9" hits="8" branch="True" condition-coverage="50% (1/2)">
              <conditions>
                <condition number="6" type="jump" coverage="50%" />
              </conditions>
            </line>
            <line number="10" hits="8" branch="True" condition-coverage="50% (1/2)">
              <conditions>
                <condition number="17" type="jump" coverage="50%" />
              </conditions>
            </line>
            <line number="11" hits="8" branch="False" />
            <line number="16" hits="0" branch="True" condition-coverage="0% (0/2)">
              <conditions>
                <condition number="1" type="jump" coverage="0%" />
              </conditions>
            </line>
            <line number="17" hits="0" branch="True" condition-coverage="0% (0/2)">
              <conditions>
                <condition number="7" type="jump" coverage="0%" />
              </conditions>
            </line>
            <line number="18" hits="0" branch="True" condition-coverage="0% (0/2)">
              <conditions>
                <condition number="28" type="jump" coverage="0%" />
              </conditions>
            </line>
            <line number="19" hits="0" branch="False" />
            <line number="24" hits="0" branch="False" />
            <line number="29" hits="0" branch="False" />
            <line number="34" hits="0" branch="False" />
            <line number="39" hits="0" branch="False" />
          </lines>
        </class>
      </classes>
    </package>
    <package name="ProgrammingWithPalermo.ChurchBulletin.DataAccess" line-rate="0.9666" branch-rate="1" complexity="8">
      <classes>
        <class name="ProgrammingWithPalermo.ChurchBulletin.DataAccess.Mappings.ChurchBulletinMap" filename="DataAccess\Mappings\ChurchBulletinMap.cs" line-rate="1" branch-rate="1" complexity="1">
          <methods>
            <method name="MapMembers" signature="(Microsoft.EntityFrameworkCore.Metadata.Builders.EntityTypeBuilder`1&lt;ProgrammingWithPalermo.ChurchBulletin.Core.Model.ChurchBulletinItem&gt;)" line-rate="1" branch-rate="1" complexity="1">
              <lines>
                <line number="11" hits="1" branch="False" />
              </lines>
            </method>
          </methods>
          <lines>
            <line number="11" hits="1" branch="False" />
          </lines>
        </class>
        <class name="ProgrammingWithPalermo.ChurchBulletin.DataAccess.Mappings.DataContext" filename="DataAccess\Mappings\DataContext.cs" line-rate="0.9" branch-rate="1" complexity="4">
          <methods>
            <method name="OnConfiguring" signature="(Microsoft.EntityFrameworkCore.DbContextOptionsBuilder)" line-rate="1" branch-rate="1" complexity="1">
              <lines>
                <line number="16" hits="5" branch="False" />
                <line number="17" hits="5" branch="False" />
                <line number="19" hits="5" branch="False" />
                <line number="20" hits="5" branch="False" />
              </lines>
            </method>
            <method name="OnModelCreating" signature="(Microsoft.EntityFrameworkCore.ModelBuilder)" line-rate="1" branch-rate="1" complexity="1">
              <lines>
                <line number="24" hits="1" branch="False" />
                <line number="25" hits="1" branch="False" />
              </lines>
            </method>
            <method name="ToString" signature="()" line-rate="0" branch-rate="1" complexity="1">
              <lines>
                <line number="29" hits="0" branch="False" />
              </lines>
            </method>
            <method name=".ctor" signature="(ProgrammingWithPalermo.ChurchBulletin.DataAccess.IDataConfiguration)" line-rate="1" branch-rate="1" complexity="1">
              <lines>
                <line number="9" hits="5" branch="False" />
                <line number="11" hits="5" branch="False" />
                <line number="12" hits="5" branch="False" />
              </lines>
            </method>
          </methods>
          <lines>
            <line number="16" hits="5" branch="False" />
            <line number="17" hits="5" branch="False" />
            <line number="19" hits="5" branch="False" />
            <line number="20" hits="5" branch="False" />
            <line number="24" hits="1" branch="False" />
            <line number="25" hits="1" branch="False" />
            <line number="29" hits="0" branch="False" />
            <line number="9" hits="5" branch="False" />
            <line number="11" hits="5" branch="False" />
            <line number="12" hits="5" branch="False" />
          </lines>
        </class>
        <class name="ProgrammingWithPalermo.ChurchBulletin.DataAccess.Mappings.EntityMapBase`1" filename="DataAccess\Mappings\EntityMapBase.cs" line-rate="1" branch-rate="1" complexity="1">
          <methods>
            <method name="Map" signature="(Microsoft.EntityFrameworkCore.ModelBuilder)" line-rate="1" branch-rate="1" complexity="1">
              <lines>
                <line number="12" hits="1" branch="False" />
                <line number="13" hits="1" branch="False" />
                <line number="14" hits="1" branch="False" />
                <line number="15" hits="1" branch="False" />
                <line number="16" hits="1" branch="False" />
                <line number="17" hits="1" branch="False" />
                <line number="18" hits="1" branch="False" />
                <line number="19" hits="1" branch="False" />
                <line number="20" hits="1" branch="False" />
                <line number="21" hits="1" branch="False" />
                <line number="22" hits="1" branch="False" />
                <line number="23" hits="2" branch="False" />
                <line number="24" hits="1" branch="False" />
              </lines>
            </method>
          </methods>
          <lines>
            <line number="12" hits="1" branch="False" />
            <line number="13" hits="1" branch="False" />
            <line number="14" hits="1" branch="False" />
            <line number="15" hits="1" branch="False" />
            <line number="16" hits="1" branch="False" />
            <line number="17" hits="1" branch="False" />
            <line number="18" hits="1" branch="False" />
            <line number="19" hits="1" branch="False" />
            <line number="20" hits="1" branch="False" />
            <line number="21" hits="1" branch="False" />
            <line number="22" hits="1" branch="False" />
            <line number="23" hits="2" branch="False" />
            <line number="24" hits="1" branch="False" />
          </lines>
        </class>
        <class name="ProgrammingWithPalermo.ChurchBulletin.DataAccess.Handlers.ChurchBulletinItemByDateHandler" filename="DataAccess\Handlers\ChurchBulletinItemByDateHandler.cs" line-rate="1" branch-rate="1" complexity="2">
          <methods>
            <method name="Handle" signature="(ProgrammingWithPalermo.ChurchBulletin.Core.Queries.ChurchBulletinItemByDateAndTimeQuery)" line-rate="1" branch-rate="1" complexity="1">
              <lines>
                <line number="17" hits="1" branch="False" />
                <line number="18" hits="1" branch="False" />
                <line number="19" hits="1" branch="False" />
              </lines>
            </method>
            <method name=".ctor" signature="(ProgrammingWithPalermo.ChurchBulletin.DataAccess.Mappings.DataContext)" line-rate="1" branch-rate="1" complexity="1">
              <lines>
                <line number="11" hits="1" branch="False" />
                <line number="13" hits="1" branch="False" />
                <line number="14" hits="1" branch="False" />
              </lines>
            </method>
          </methods>
          <lines>
            <line number="17" hits="1" branch="False" />
            <line number="18" hits="1" branch="False" />
            <line number="19" hits="1" branch="False" />
            <line number="11" hits="1" branch="False" />
            <line number="13" hits="1" branch="False" />
            <line number="14" hits="1" branch="False" />
          </lines>
        </class>
      </classes>
    </package>
  </packages>
</coverage>